<?xml version="1.0" encoding="UTF-8"?>
<testsuite name="org.adaschool.api.controller.UsersControllerTest" tests="7" skipped="0" failures="0" errors="0" timestamp="2024-02-12T23:10:43" hostname="LAPTOP-T4VNONBQ" time="1.58">
  <properties/>
  <testcase name="testUpdateExistingUser()" classname="org.adaschool.api.controller.UsersControllerTest" time="0.624"/>
  <testcase name="testFindByIdExistingUser()" classname="org.adaschool.api.controller.UsersControllerTest" time="0.477"/>
  <testcase name="testDeleteNotExistingUser()" classname="org.adaschool.api.controller.UsersControllerTest" time="0.039"/>
  <testcase name="testUpdateNotExistingUser()" classname="org.adaschool.api.controller.UsersControllerTest" time="0.032"/>
  <testcase name="testFindByIdNotExistingUser()" classname="org.adaschool.api.controller.UsersControllerTest" time="0.026"/>
  <testcase name="testSaveNewUser()" classname="org.adaschool.api.controller.UsersControllerTest" time="0.188"/>
  <testcase name="testDeleteExistingUser()" classname="org.adaschool.api.controller.UsersControllerTest" time="0.161"/>
  <system-out><![CDATA[18:10:32.953 [Test worker] DEBUG org.springframework.boot.test.context.SpringBootTestContextBootstrapper - Neither @ContextConfiguration nor @ContextHierarchy found for test class [UsersControllerTest]: using SpringBootContextLoader
18:10:32.966 [Test worker] DEBUG org.springframework.test.context.support.AbstractContextLoader - Could not detect default resource locations for test class [org.adaschool.api.controller.UsersControllerTest]: no resource found for suffixes {-context.xml, Context.groovy}.
18:10:32.967 [Test worker] INFO org.springframework.test.context.support.AnnotationConfigContextLoaderUtils - Could not detect default configuration classes for test class [org.adaschool.api.controller.UsersControllerTest]: UsersControllerTest does not declare any static, non-private, non-final, nested classes annotated with @Configuration.
18:10:33.055 [Test worker] DEBUG org.springframework.boot.test.context.SpringBootTestContextBootstrapper - Using ContextCustomizers for test class [UsersControllerTest]: [DisableObservabilityContextCustomizer, PropertyMappingContextCustomizer, Customizer, ExcludeFilterContextCustomizer, DuplicateJsonObjectContextCustomizer, MockitoContextCustomizer, TestRestTemplateContextCustomizer]
18:10:33.253 [Test worker] DEBUG org.springframework.context.annotation.ClassPathScanningCandidateComponentProvider - Identified candidate component class: file [C:\Andrey\spring-boot-java-assignments\build\classes\java\main\org\adaschool\api\SpringBootJavaAssignmentsApplication.class]
18:10:33.258 [Test worker] INFO org.springframework.boot.test.context.SpringBootTestContextBootstrapper - Found @SpringBootConfiguration org.adaschool.api.SpringBootJavaAssignmentsApplication for test class org.adaschool.api.controller.UsersControllerTest
18:10:33.498 [Test worker] DEBUG org.springframework.test.context.util.TestContextSpringFactoriesUtils - Skipping candidate TestExecutionListener [org.springframework.test.context.transaction.TransactionalTestExecutionListener] due to a missing dependency. Specify custom TestExecutionListener classes or make the default TestExecutionListener classes and their required dependencies available. Offending class: [org/springframework/transaction/interceptor/TransactionAttributeSource]
18:10:33.502 [Test worker] DEBUG org.springframework.test.context.util.TestContextSpringFactoriesUtils - Skipping candidate TestExecutionListener [org.springframework.test.context.jdbc.SqlScriptsTestExecutionListener] due to a missing dependency. Specify custom TestExecutionListener classes or make the default TestExecutionListener classes and their required dependencies available. Offending class: [org/springframework/transaction/interceptor/TransactionAttribute]
18:10:33.507 [Test worker] DEBUG org.springframework.boot.test.context.SpringBootTestContextBootstrapper - Using TestExecutionListeners for test class [UsersControllerTest]: [ServletTestExecutionListener, DirtiesContextBeforeModesTestExecutionListener, ApplicationEventsTestExecutionListener, MockitoTestExecutionListener, DependencyInjectionTestExecutionListener, DirtiesContextTestExecutionListener, EventPublishingTestExecutionListener, RestDocsTestExecutionListener, MockRestServiceServerResetTestExecutionListener, MockMvcPrintOnlyOnFailureTestExecutionListener, WebDriverTestExecutionListener, MockWebServiceServerTestExecutionListener, ResetMocksTestExecutionListener]
18:10:33.512 [Test worker] DEBUG org.springframework.test.context.support.AbstractDirtiesContextTestExecutionListener - Before test class: class [UsersControllerTest], class annotated with @DirtiesContext [false] with mode [null]

  .   ____          _            __ _ _
 /\\ / ___'_ __ _ _(_)_ __  __ _ \ \ \ \
( ( )\___ | '_ | '_| | '_ \/ _` | \ \ \ \
 \\/  ___)| |_)| | | | | || (_| |  ) ) ) )
  '  |____| .__|_| |_|_| |_\__, | / / / /
 =========|_|==============|___/=/_/_/_/
 :: Spring Boot ::                (v3.0.2)

2024-02-12T18:10:34.498-05:00  INFO 10796 --- [    Test worker] o.a.api.controller.UsersControllerTest   : Starting UsersControllerTest using Java 17.0.10 with PID 10796 (started by Publico in C:\Andrey\spring-boot-java-assignments)
2024-02-12T18:10:34.516-05:00  INFO 10796 --- [    Test worker] o.a.api.controller.UsersControllerTest   : No active profile set, falling back to 1 default profile: "default"
2024-02-12T18:10:43.202-05:00  INFO 10796 --- [    Test worker] o.a.api.controller.UsersControllerTest   : Started UsersControllerTest in 9.564 seconds (process running for 12.778)
2024-02-12T18:10:43.293-05:00  INFO 10796 --- [    Test worker] o.s.mock.web.MockServletContext          : Initializing Spring TestDispatcherServlet ''
2024-02-12T18:10:43.293-05:00  INFO 10796 --- [    Test worker] o.s.t.web.servlet.TestDispatcherServlet  : Initializing Servlet ''
2024-02-12T18:10:43.300-05:00  INFO 10796 --- [    Test worker] o.s.t.web.servlet.TestDispatcherServlet  : Completed initialization in 2 ms
2024-02-12T18:10:43.892-05:00  INFO 10796 --- [    Test worker] o.s.mock.web.MockServletContext          : Initializing Spring TestDispatcherServlet ''
2024-02-12T18:10:43.893-05:00  INFO 10796 --- [    Test worker] o.s.t.web.servlet.TestDispatcherServlet  : Initializing Servlet ''
2024-02-12T18:10:43.895-05:00  INFO 10796 --- [    Test worker] o.s.t.web.servlet.TestDispatcherServlet  : Completed initialization in 1 ms
2024-02-12T18:10:44.368-05:00  INFO 10796 --- [    Test worker] o.s.mock.web.MockServletContext          : Initializing Spring TestDispatcherServlet ''
2024-02-12T18:10:44.368-05:00  INFO 10796 --- [    Test worker] o.s.t.web.servlet.TestDispatcherServlet  : Initializing Servlet ''
2024-02-12T18:10:44.371-05:00  INFO 10796 --- [    Test worker] o.s.t.web.servlet.TestDispatcherServlet  : Completed initialization in 1 ms
2024-02-12T18:10:44.414-05:00  INFO 10796 --- [    Test worker] o.s.mock.web.MockServletContext          : Initializing Spring TestDispatcherServlet ''
2024-02-12T18:10:44.415-05:00  INFO 10796 --- [    Test worker] o.s.t.web.servlet.TestDispatcherServlet  : Initializing Servlet ''
2024-02-12T18:10:44.415-05:00  INFO 10796 --- [    Test worker] o.s.t.web.servlet.TestDispatcherServlet  : Completed initialization in 0 ms
2024-02-12T18:10:44.450-05:00  INFO 10796 --- [    Test worker] o.s.mock.web.MockServletContext          : Initializing Spring TestDispatcherServlet ''
2024-02-12T18:10:44.451-05:00  INFO 10796 --- [    Test worker] o.s.t.web.servlet.TestDispatcherServlet  : Initializing Servlet ''
2024-02-12T18:10:44.452-05:00  INFO 10796 --- [    Test worker] o.s.t.web.servlet.TestDispatcherServlet  : Completed initialization in 0 ms
2024-02-12T18:10:44.481-05:00  INFO 10796 --- [    Test worker] o.s.mock.web.MockServletContext          : Initializing Spring TestDispatcherServlet ''
2024-02-12T18:10:44.482-05:00  INFO 10796 --- [    Test worker] o.s.t.web.servlet.TestDispatcherServlet  : Initializing Servlet ''
2024-02-12T18:10:44.482-05:00  INFO 10796 --- [    Test worker] o.s.t.web.servlet.TestDispatcherServlet  : Completed initialization in 0 ms
2024-02-12T18:10:44.679-05:00  INFO 10796 --- [    Test worker] o.s.mock.web.MockServletContext          : Initializing Spring TestDispatcherServlet ''
2024-02-12T18:10:44.682-05:00  INFO 10796 --- [    Test worker] o.s.t.web.servlet.TestDispatcherServlet  : Initializing Servlet ''
2024-02-12T18:10:44.689-05:00  INFO 10796 --- [    Test worker] o.s.t.web.servlet.TestDispatcherServlet  : Completed initialization in 0 ms
]]></system-out>
  <system-err><![CDATA[]]></system-err>
</testsuite>
